/home/hermes # 
hermes tx ft-transfer \
    --key-name alice \
    --receiver cosmos1ugx5mkt4yq0735m73scqznv54076qe4d4n4pgd \
    --src-chain appchain \
    --dst-chain theta-testnet-001 \
    --src-port transfer \
    --src-channel channel-0 \
    --amount 676 \
    --denom token1ugx5mkt4yq0735m73scqznv54076qe4d4n4pgd \
    --timeout-height-offset 1000     

    hermes tx packet-recv --dst-chain theta-testnet-001 --src-chain appchain --src-port transfer --src-channel channel-0

    
                                                                 
2023-02-14T20: 38: 17.451620Z  INFO ThreadId(01) using default configuration from '/root/.hermes/config.toml'
2023-02-14T20: 38: 17.452068Z  INFO ThreadId(01) running Hermes v1.2.0
SUCCESS [
    IbcEventWithHeight {                                                                                                                                                event: SendPacket
        (                   
            SendPacket {
                packet: Packet {                                                                                                                                    sequence: Sequence(4,),
                    source_port: PortId("transfer",),
                    source_channel: ChannelId("channel-0",),
                    destination_port: PortId("transfer",),
                    destination_channel: ChannelId("channel-1575",),
                    data: [
                    123,
                    34,
                    97,
                    109,
                    111,
                    117,
                    110,
                    116,
                    34,
                    58,
                    34,
                    49,
                    48,
                    48,
                    48,
                    48,
                    48,
                    34,
                    44,
                    34,
                    100,
                    101,
                    110,
                    111,
                    109,
                    34,
                    58,
                    34,
                    116,
                    111,
                    107,
                    101,
                    110,
                    49,
                    99,
                    109,
                    116,
                    119,
                    97,
                    119,
                    56,
                    55,
                    118,
                    121,
                    113,
                    103,
                    114,
                    119,
                    119,
                    119,
                    57,
                    115,
                    113,
                    54,
                    106,
                    112,
                    54,
                    97,
                    119,
                    113,
                    115,
                    106,
                    122,
                    100,
                    97,
                    56,
                    104,
                    118,
                    114,
                    118,
                    120,
                    119,
                    34,
                    44,
                    34,
                    114,
                    101,
                    99,
                    101,
                    105,
                    118,
                    101,
                    114,
                    34,
                    58,
                    34,
                    99,
                    111,
                    115,
                    109,
                    111,
                    115,
                    49,
                    99,
                    109,
                    116,
                    119,
                    97,
                    119,
                    56,
                    55,
                    118,
                    121,
                    113,
                    103,
                    114,
                    119,
                    119,
                    119,
                    57,
                    115,
                    113,
                    54,
                    106,
                    112,
                    54,
                    97,
                    119,
                    113,
                    115,
                    106,
                    122,
                    100,
                    97,
                    56,
                    104,
                    118,
                    114,
                    118,
                    120,
                    119,
                    34,
                    44,
                    34,
                    115,
                    101,
                    110,
                    100,
                    101,
                    114,
                    34,
                    58,
                    34,
                    99,
                    111,
                    115,
                    109,
                    111,
                    115,
                    49,
                    52,
                    121,
                    48,
                    107,
                    100,
                    118,
                    122,
                    110,
                    107,
                    115,
                    115,
                    100,
                    116,
                    97,
                    108,
                    50,
                    114,
                    54,
                    48,
                    97,
                    56,
                    117,
                    115,
                    50,
                    54,
                    54,
                    110,
                    48,
                    109,
                    109,
                    57,
                    55,
                    114,
                    50,
                    120,
                    106,
                    117,
                    56,
                    34,
                    125
                ],                                                            
                    timeout_height: At(
                        Height {
                            revision: 0,
                            height: 14574981,
                        },  
                    ),
                    timeout_timestamp: Timestamp {                                                                                                                                               
                        time: None,
                },
            },
        },                                                                                                                                                                                   
        ),                                                                                                                                                                                       
        height: Height {
            revision: 0,
            height: 23481,
        },
    },
] 


2023-02-14T20: 38: 28.397999Z  INFO ThreadId(37) worker.batch{chain=appchain
}:supervisor.handle_batch{chain=appchain
}:supervisor.process_batch{chain=appchain
}:worker.packet.cmd{src_chain=appchain src_port=transfer src_channel=channel-0 dst_chain=theta-testnet-001
}:relay{odata=96529b42 ->Destination @0-23481; len=1
}: assembled batch of 2 message(s)

2023-02-14T20: 38: 29.906745Z  INFO ThreadId(37) worker.batch{chain=appchain
}:supervisor.handle_batch{chain=appchain
}:supervisor.process_batch{chain=appchain
}:worker.packet.cmd{src_chain=appchain src_port=transfer src_channel=channel-0 dst_chain=theta-testnet-001
}:relay{odata=96529b42 ->Destination @0-23481; len=1
}: response(s): 1; Ok: 491F0654C1BBC4950275AECCD81A24801AE0FAE505B4461EB75A78DA59CC99F8 target_chain=theta-testnet-001

2023-02-14T20: 38: 29.906817Z  INFO ThreadId(37) worker.batch{chain=appchain
}:supervisor.handle_batch{chain=appchain
}:supervisor.process_batch{chain=appchain
}:worker.packet.cmd{src_chain=appchain src_port=transfer src_channel=channel-0 dst_chain=theta-testnet-001
}:relay{odata=96529b42 ->Destination @0-23481; len=1
}: submitted

2023-02-14T20: 38: 50.244115Z  INFO ThreadId(58) worker.batch{chain=theta-testnet-001
}:supervisor.handle_batch{chain=theta-testnet-001
}:supervisor.process_batch{chain=theta-testnet-001
}:worker.packet.cmd{src_chain=theta-testnet-001 src_port=transfer src_channel=channel-1575 dst_chain=appchain
}:relay{odata=820f393a ->Destination @0-14573984; len=1
}: assembled batch of 2 message(s)      

2023-02-14T20: 38: 50.249791Z ERROR ThreadId(23) worker.batch{chain=theta-testnet-001
}:supervisor.handle_batch{chain=theta-testnet-001
}:supervisor.process_batch{chain=theta-testnet-001
}:worker.packet.cmd{src_chain=theta-testnet-001 src_port=transfer src_channel=channel-1575 dst_chain=appchain
}:relay{odata=820f393a ->Destination @0-14573984; len=1
}:send_messages_and_wait_check_tx{chain=appchain tracking_id=820f393a
}:send_tx_with_account_sequence_retry{chain=appchain account.sequence=14
}:estimate_gas: failed to simulate tx. propagating error to caller: gRPC call failed with status: status: Unknown, message: "account sequence mismatch, expected 16, got 14: incorrect account sequence", details: [], metadata: MetadataMap { 
    headers: {
        "content-type": "application/grpc",
        "x-cosmos-block-height": "23509"
    }
}

2023-02-14T20: 38: 50.249948Z  WARN ThreadId(23) worker.batch{chain=theta-testnet-001
}:supervisor.handle_batch{chain=theta-testnet-001
}:supervisor.process_batch{chain=theta-testnet-001
}:worker.packet.cmd{src_chain=theta-testnet-001 src_port=transfer src_channel=channel-1575 dst_chain=appchain
}:relay{odata=820f393a ->Destination @0-14573984; len=1
}:send_messages_and_wait_check_tx{chain=appchain tracking_id=820f393a
}:send_tx_with_account_sequence_retry{chain=appchain account.sequence=14
}: failed to estimate gas because of a mismatched account sequence number, refreshing account sequence number and retrying once error=gRPC call failed with status: status: Unknown, message: "account sequence mismatch, expected 16, got 14: incorrect account sequence", details: [], metadata: MetadataMap { headers: {
        "content-type": "application/grpc",
        "x-cosmos-block-height": "23509"
    }
}

2023-02-14T20: 38: 50.252070Z  INFO ThreadId(23) worker.batch{chain=theta-testnet-001
}:supervisor.handle_batch{chain=theta-testnet-001
}:supervisor.process_batch{chain=theta-testnet-001
}:worker.packet.cmd{src_chain=theta-testnet-001 src_port=transfer src_channel=channel-1575 dst_chain=appchain
}:relay{odata=820f393a ->Destination @0-14573984; len=1
}:send_messages_and_wait_check_tx{chain=appchain tracking_id=820f393a
}:send_tx_with_account_sequence_retry{chain=appchain account.sequence=14
}: refresh: retrieved account sequence=16 number=0

2023-02-14T20: 38: 50.561226Z  INFO ThreadId(58) worker.batch{chain=theta-testnet-001
}:supervisor.handle_batch{chain=theta-testnet-001
}:supervisor.process_batch{chain=theta-testnet-001
}:worker.packet.cmd{src_chain=theta-testnet-001 src_port=transfer src_channel=channel-1575 dst_chain=appchain
}:relay{odata=820f393a ->Destination @0-14573984; len=1
}: response(s): 1; Ok:ECFC4EA15477D6730C5035AC96CAC57B074F826C0ACC510670E6B1C5019C2741 target_chain=appchain

2023-02-14T20: 38: 50.561289Z  INFO ThreadId(58) worker.batch{chain=theta-testnet-001
}:supervisor.handle_batch{chain=theta-testnet-001
}:supervisor.process_batch{chain=theta-testnet-001
}:worker.packet.cmd{src_chain=theta-testnet-001 src_port=transfer src_channel=channel-1575 dst_chain=appchain
}:relay{odata=820f393a ->Destination @0-14573984; len=1
}: submitted

